[game4ou.xyz/mirageperfectskyline/index.html]
[backblue.gif]
[fade.gif]
[index.html]
[browser.sentry-cdn.com/6.4.1/bundle.min.js]
[www.google-analytics.com/analytics.js]
[d13pxqgp3ixdbh.cloudfront.net/uploads/16476613175ccbfe43f7c1fe7b26dfd1cee594b996.png]
[d13pxqgp3ixdbh.cloudfront.net/uploads/1647661615d994811ddbf0c67493b87ad78ab01de0.jpg]
[d13pxqgp3ixdbh.cloudfront.net/uploads/1646793130e4f46a03588bdec8e9207d91c7986e26.png]
[d13pxqgp3ixdbh.cloudfront.net/uploads/1646793199543f6379a4ffe2165562f47b3f57daba.png]
[d13pxqgp3ixdbh.cloudfront.net/uploads/164766150812fe0c3a6349160b09595903b17bd0a5.png]
[d13pxqgp3ixdbh.cloudfront.net/uploads/164766192557dacca2546325c5e44ad1be6f2f7b02.png]
[ajax.googleapis.com/ajax/libs/jquery/1/jquery.js]
[d12u7tum9sda5e.cloudfront.net/910d75b.js]
[cldoffers.net/public/external/t.js]
[game4ou.xyz/mirageperfectskyline/index.html]
[d13pxqgp3ixdbh.cloudfront.net/assets/landing_pages/fa/css/font-awesome.min.css]
[d13pxqgp3ixdbh.cloudfront.net/assets/landing_pages/jqueryui/images/ui-bg_diagonal-maze_75_9DD9DB_10x10.png]
[d13pxqgp3ixdbh.cloudfront.net/assets/landing_pages/jqueryui/images/ui-bg_gloss-wave_75_1A676B_500x100.png]
[d13pxqgp3ixdbh.cloudfront.net/assets/landing_pages/jqueryui/images/ui-bg_highlight-soft_75_5AA6A9_1x100.png]
[d13pxqgp3ixdbh.cloudfront.net/assets/landing_pages/jqueryui/images/ui-bg_inset-soft_75_043D3F_1x100.png]
[d13pxqgp3ixdbh.cloudfront.net/assets/landing_pages/jqueryui/images/ui-bg_highlight-soft_65_1A676B_1x100.png]
[d13pxqgp3ixdbh.cloudfront.net/assets/landing_pages/jqueryui/images/ui-bg_loop_75_FFD9B8_21x21.png]
[d13pxqgp3ixdbh.cloudfront.net/assets/landing_pages/jqueryui/images/ui-bg_diagonals-thick_75_FFB8BA_40x40.png]
[d13pxqgp3ixdbh.cloudfront.net/assets/landing_pages/jqueryui/images/ui-icons_043D3F_256x240.png]
[d13pxqgp3ixdbh.cloudfront.net/assets/landing_pages/jqueryui/images/ui-icons_9DD9DB_256x240.png]
[d13pxqgp3ixdbh.cloudfront.net/assets/landing_pages/jqueryui/images/ui-icons_1A676B_256x240.png]
[d13pxqgp3ixdbh.cloudfront.net/assets/landing_pages/jqueryui/images/ui-icons_982326_256x240.png]
[d13pxqgp3ixdbh.cloudfront.net/assets/landing_pages/jqueryui/jquery-ui.min.css]
[d13pxqgp3ixdbh.cloudfront.net/assets/content_lockers/css_front.css]
[d13pxqgp3ixdbh.cloudfront.net/assets/content_lockers/noty-2.3.8/demo/animate.css]
[d13pxqgp3ixdbh.cloudfront.net/assets/landing_pages/jqueryui/jquery-ui.min.js]
[d13pxqgp3ixdbh.cloudfront.net/assets/content_lockers/noty-2.3.8/js/noty/packaged/jquery.noty.packaged.js]
[game4ou.xyz/mirageperfectskyline/customTemplateGlobal.html]
